<?xml version="1.0" encoding="UTF-8"?>
<testng-results skipped="0" failed="0" ignored="0" total="1" passed="1">
  <reporter-output>
  </reporter-output>
  <suite name="Default suite" duration-ms="73" started-at="2019-08-02T07:51:48Z" finished-at="2019-08-02T07:51:48Z">
    <groups>
    </groups>
    <test name="Default test" duration-ms="73" started-at="2019-08-02T07:51:48Z" finished-at="2019-08-02T07:51:48Z">
      <class name="com.qa.chain.NewTest">
        <test-method status="PASS" signature="mode()[pri:0, instance:com.qa.chain.NewTest@46d56d67]" name="mode" duration-ms="17" started-at="2019-08-02T07:51:48Z" finished-at="2019-08-02T07:51:48Z">
          <reporter-output>
          </reporter-output>
        </test-method> <!-- mode -->
      </class> <!-- com.qa.chain.NewTest -->
    </test> <!-- Default test -->
  </suite> <!-- Default suite -->
</testng-results>
